<?xml version="1.0" encoding="UTF-8"?>
<testsuite xmlns:xsi="http://www.w3.org/2001/XMLSchema-instance" xsi:noNamespaceSchemaLocation="https://maven.apache.org/surefire/maven-surefire-plugin/xsd/surefire-test-report-3.0.xsd" version="3.0" name="testRunner.Run" time="37.073" tests="1" errors="0" skipped="0" failures="0">
  <properties>
[...]
</properties>
  <testcase name="successful Login with valid credentials" classname="Login Functionality" time="34.362">
    <system-out><![CDATA[
@smoke
Scenario: successful Login with valid credentials                        # Features/Login.feature:4
[DEBUG] Resolution chrome=103 in cache (valid until 17:16:56 22/07/2022 IST)
[DEBUG] Resolution chrome103=103.0.5060.134 in cache (valid until 17:55:38 22/07/2022 IST)
[INFO] Using chromedriver 103.0.5060.134 (resolved driver for Chrome 103)
[DEBUG] Driver chromedriver 103.0.5060.134 found in cache
[INFO] Exporting webdriver.chrome.driver as C:\Users\hp\.cache\selenium\chromedriver\win32\103.0.5060.134\chromedriver.exe
 * * * before - - setup method is executed * * *
  Given user launch chrome browser                                       # stepdefinition.StepDef.user_launch_chrome_browser()
  When user open url "http://admin-demo.nopcommerce.com/login"           # stepdefinition.StepDef.user_open_url(java.lang.String)
  And user enters email as "admin@yourstore.com" and Password as "admin" # stepdefinition.StepDef.user_enters_email_as_and_password_as(java.lang.String,java.lang.String)
  And click on Login                                                     # stepdefinition.StepDef.click_on_login()
  Then Page title should be "Dashboard / nopCommerce administration"     # stepdefinition.StepDef.page_title_should_be(java.lang.String)
  When user click on logout link                                         # stepdefinition.StepDef.user_click_on_logout_link()
  Then Page title should be "Your store. Login"                          # stepdefinition.StepDef.page_title_should_be(java.lang.String)
  And close browser                                                      # stepdefinition.StepDef.close_browser()
 * * * After - - tearDown method is executed * * *
]]></system-out>
    <system-err><![CDATA[Starting ChromeDriver 103.0.5060.134 (8ec6fce403b3feb0869b0732eda8bd95011d333c-refs/branch-heads/5060@{#1262}) on port 34036
Only local connections are allowed.
Please see https://chromedriver.chromium.org/security-considerations for suggestions on keeping ChromeDriver safe.
ChromeDriver was started successfully.
Jul 22, 2022 5:08:09 PM org.openqa.selenium.remote.ProtocolHandshake createSession
INFO: Detected dialect: W3C
]]></system-err>
  </testcase>
</testsuite>