<?xml version="1.0" encoding="UTF-8"?>
<!-- Generated by org.testng.reporters.JUnitReportReporter -->
<testsuite skipped="0" hostname="DESKTOP-IIDKI3E" name="testRunner.Run" tests="6" failures="1" timestamp="2022-07-23T18:01:31 IST" time="200.102" errors="0">
  <testcase name="runScenario" time="85.159" classname="testRunner.Run"/>
  <system-out/>
  <testcase name="runScenario" time="24.833" classname="testRunner.Run"/>
  <system-out/>
  <testcase name="runScenario" time="26.763" classname="testRunner.Run"/>
  <system-out/>
  <testcase name="runScenario" time="24.502" classname="testRunner.Run"/>
  <system-out/>
  <testcase name="runScenario" time="27.622" classname="testRunner.Run"/>
  <system-out/>
  <testcase name="runScenario" time="11.223" classname="testRunner.Run">
    <failure type="junit.framework.AssertionFailedError">
      <![CDATA[junit.framework.AssertionFailedError
at junit.framework.Assert.fail(Assert.java:55)
at junit.framework.Assert.assertTrue(Assert.java:22)
at junit.framework.Assert.assertTrue(Assert.java:31)
at stepdefinition.StepDef.page_title_should_be(StepDef.java:109)
at ✽.Page title should be "Dashboard / nopCommerce administration"(file:///E:/sample/BDDFinalProject/./Features/Login.feature:21)
]]>
    </failure>
  </testcase> <!-- runScenario -->
  <system-out/>
</testsuite> <!-- testRunner.Run -->
